{"C:\\Users\\stasy\\WebstormProjects\\dashboard-api\\src\\app.ts": {"path":"C:\\Users\\stasy\\WebstormProjects\\dashboard-api\\src\\app.ts","statementMap":{"0":{"start":{"line":1,"column":0},"end":{"line":1,"column":43}},"1":{"start":{"line":3,"column":0},"end":{"line":3,"column":59}},"2":{"start":{"line":6,"column":0},"end":{"line":6,"column":47}},"3":{"start":{"line":7,"column":0},"end":{"line":7,"column":32}},"4":{"start":{"line":8,"column":0},"end":{"line":8,"column":26}},"5":{"start":{"line":9,"column":0},"end":{"line":9,"column":35}},"6":{"start":{"line":12,"column":0},"end":{"line":12,"column":56}},"7":{"start":{"line":13,"column":0},"end":{"line":13,"column":58}},"8":{"start":{"line":14,"column":0},"end":{"line":14,"column":58}},"9":{"start":{"line":15,"column":0},"end":{"line":59,"column":null}},"10":{"start":{"line":22,"column":33},"end":{"line":22,"column":48}},"11":{"start":{"line":23,"column":42},"end":{"line":23,"column":58}},"12":{"start":{"line":24,"column":42},"end":{"line":24,"column":75}},"13":{"start":{"line":25,"column":40},"end":{"line":25,"column":55}},"14":{"start":{"line":26,"column":39},"end":{"line":26,"column":54}},"15":{"start":{"line":28,"column":2},"end":{"line":28,"column":23}},"16":{"start":{"line":29,"column":2},"end":{"line":29,"column":19}},"17":{"start":{"line":33,"column":2},"end":{"line":33,"column":53}},"18":{"start":{"line":37,"column":2},"end":{"line":37,"column":70}},"19":{"start":{"line":41,"column":2},"end":{"line":41,"column":23}},"20":{"start":{"line":42,"column":25},"end":{"line":42,"column":77}},"21":{"start":{"line":43,"column":2},"end":{"line":43,"column":60}},"22":{"start":{"line":47,"column":2},"end":{"line":47,"column":23}},"23":{"start":{"line":48,"column":2},"end":{"line":48,"column":19}},"24":{"start":{"line":49,"column":2},"end":{"line":49,"column":29}},"25":{"start":{"line":50,"column":2},"end":{"line":50,"column":44}},"26":{"start":{"line":51,"column":2},"end":{"line":51,"column":37}},"27":{"start":{"line":52,"column":2},"end":{"line":52,"column":43}},"28":{"start":{"line":53,"column":2},"end":{"line":53,"column":45}},"29":{"start":{"line":57,"column":2},"end":{"line":57,"column":22}},"30":{"start":{"line":16,"column":13},"end":{"line":59,"column":null}},"31":{"start":{"line":16,"column":13},"end":{"line":16,"column":16}}},"fnMap":{"0":{"name":"(anonymous_12)","decl":{"start":{"line":21,"column":1},"end":{"line":21,"column":null}},"loc":{"start":{"line":26,"column":67},"end":{"line":30,"column":2}}},"1":{"name":"(anonymous_13)","decl":{"start":{"line":32,"column":8},"end":{"line":32,"column":17}},"loc":{"start":{"line":32,"column":17},"end":{"line":34,"column":2}}},"2":{"name":"(anonymous_14)","decl":{"start":{"line":36,"column":8},"end":{"line":36,"column":27}},"loc":{"start":{"line":36,"column":27},"end":{"line":38,"column":2}}},"3":{"name":"(anonymous_15)","decl":{"start":{"line":40,"column":8},"end":{"line":40,"column":21}},"loc":{"start":{"line":40,"column":21},"end":{"line":44,"column":2}}},"4":{"name":"(anonymous_16)","decl":{"start":{"line":46,"column":14},"end":{"line":46,"column":18}},"loc":{"start":{"line":46,"column":18},"end":{"line":54,"column":null}}},"5":{"name":"(anonymous_18)","decl":{"start":{"line":56,"column":8},"end":{"line":56,"column":13}},"loc":{"start":{"line":56,"column":13},"end":{"line":58,"column":2}}}},"branchMap":{},"s":{"0":1,"1":1,"2":1,"3":1,"4":1,"5":1,"6":1,"7":1,"8":1,"9":1,"10":1,"11":1,"12":1,"13":1,"14":1,"15":1,"16":1,"17":1,"18":1,"19":1,"20":1,"21":1,"22":1,"23":1,"24":1,"25":1,"26":1,"27":1,"28":1,"29":1,"30":1,"31":1},"f":{"0":1,"1":1,"2":1,"3":1,"4":1,"5":1},"b":{}}
,"C:\\Users\\stasy\\WebstormProjects\\dashboard-api\\src\\main.ts": {"path":"C:\\Users\\stasy\\WebstormProjects\\dashboard-api\\src\\main.ts","statementMap":{"0":{"start":{"line":1,"column":0},"end":{"line":1,"column":28}},"1":{"start":{"line":2,"column":0},"end":{"line":2,"column":56}},"2":{"start":{"line":3,"column":0},"end":{"line":3,"column":59}},"3":{"start":{"line":4,"column":0},"end":{"line":4,"column":60}},"4":{"start":{"line":5,"column":0},"end":{"line":5,"column":67}},"5":{"start":{"line":7,"column":0},"end":{"line":7,"column":32}},"6":{"start":{"line":10,"column":0},"end":{"line":10,"column":53}},"7":{"start":{"line":13,"column":0},"end":{"line":13,"column":56}},"8":{"start":{"line":14,"column":0},"end":{"line":14,"column":58}},"9":{"start":{"line":16,"column":0},"end":{"line":16,"column":59}},"10":{"start":{"line":18,"column":13},"end":{"line":27,"column":3}},"11":{"start":{"line":19,"column":1},"end":{"line":19,"column":67}},"12":{"start":{"line":20,"column":1},"end":{"line":20,"column":87}},"13":{"start":{"line":21,"column":1},"end":{"line":21,"column":87}},"14":{"start":{"line":22,"column":1},"end":{"line":22,"column":78}},"15":{"start":{"line":23,"column":1},"end":{"line":23,"column":81}},"16":{"start":{"line":24,"column":1},"end":{"line":24,"column":79}},"17":{"start":{"line":25,"column":1},"end":{"line":25,"column":87}},"18":{"start":{"line":26,"column":1},"end":{"line":26,"column":38}},"19":{"start":{"line":34,"column":22},"end":{"line":34,"column":37}},"20":{"start":{"line":35,"column":1},"end":{"line":35,"column":32}},"21":{"start":{"line":36,"column":13},"end":{"line":36,"column":53}},"22":{"start":{"line":37,"column":1},"end":{"line":37,"column":18}},"23":{"start":{"line":38,"column":1},"end":{"line":38,"column":30}},"24":{"start":{"line":41,"column":13},"end":{"line":41,"column":32}}},"fnMap":{"0":{"name":"(anonymous_7)","decl":{"start":{"line":18,"column":47},"end":{"line":18,"column":48}},"loc":{"start":{"line":18,"column":73},"end":{"line":27,"column":1}}},"1":{"name":"bootstrap","decl":{"start":{"line":33,"column":15},"end":{"line":33,"column":24}},"loc":{"start":{"line":33,"column":24},"end":{"line":39,"column":null}}}},"branchMap":{},"s":{"0":1,"1":1,"2":1,"3":1,"4":1,"5":1,"6":1,"7":1,"8":1,"9":1,"10":1,"11":1,"12":1,"13":1,"14":1,"15":1,"16":1,"17":1,"18":1,"19":1,"20":1,"21":1,"22":1,"23":1,"24":1},"f":{"0":1,"1":1},"b":{}}
,"C:\\Users\\stasy\\WebstormProjects\\dashboard-api\\src\\types.ts": {"path":"C:\\Users\\stasy\\WebstormProjects\\dashboard-api\\src\\types.ts","statementMap":{"0":{"start":{"line":7,"column":13},"end":{"line":16,"column":2}}},"fnMap":{},"branchMap":{},"s":{"0":1},"f":{},"b":{}}
,"C:\\Users\\stasy\\WebstormProjects\\dashboard-api\\src\\common\\auth.middleware.ts": {"path":"C:\\Users\\stasy\\WebstormProjects\\dashboard-api\\src\\common\\auth.middleware.ts","statementMap":{"0":{"start":{"line":3,"column":0},"end":{"line":3,"column":50}},"1":{"start":{"line":6,"column":21},"end":{"line":6,"column":35}},"2":{"start":{"line":8,"column":2},"end":{"line":20,"column":null}},"3":{"start":{"line":9,"column":3},"end":{"line":17,"column":6}},"4":{"start":{"line":10,"column":4},"end":{"line":16,"column":null}},"5":{"start":{"line":11,"column":5},"end":{"line":11,"column":12}},"6":{"start":{"line":12,"column":11},"end":{"line":16,"column":null}},"7":{"start":{"line":13,"column":25},"end":{"line":13,"column":46}},"8":{"start":{"line":14,"column":5},"end":{"line":14,"column":35}},"9":{"start":{"line":15,"column":5},"end":{"line":15,"column":12}},"10":{"start":{"line":19,"column":3},"end":{"line":19,"column":10}},"11":{"start":{"line":5,"column":0},"end":{"line":5,"column":13}}},"fnMap":{"0":{"name":"(anonymous_0)","decl":{"start":{"line":6,"column":1},"end":{"line":6,"column":21}},"loc":{"start":{"line":6,"column":35},"end":{"line":6,"column":39}}},"1":{"name":"(anonymous_1)","decl":{"start":{"line":7,"column":1},"end":{"line":7,"column":8}},"loc":{"start":{"line":7,"column":56},"end":{"line":21,"column":2}}},"2":{"name":"(anonymous_2)","decl":{"start":{"line":9,"column":64},"end":{"line":9,"column":65}},"loc":{"start":{"line":9,"column":81},"end":{"line":17,"column":4}}}},"branchMap":{"0":{"loc":{"start":{"line":8,"column":2},"end":{"line":20,"column":null}},"type":"if","locations":[{"start":{"line":8,"column":2},"end":{"line":20,"column":null}},{"start":{"line":18,"column":9},"end":{"line":20,"column":null}}]},"1":{"loc":{"start":{"line":10,"column":4},"end":{"line":16,"column":null}},"type":"if","locations":[{"start":{"line":10,"column":4},"end":{"line":16,"column":null}},{"start":{"line":12,"column":11},"end":{"line":16,"column":null}}]},"2":{"loc":{"start":{"line":12,"column":11},"end":{"line":16,"column":null}},"type":"if","locations":[{"start":{"line":12,"column":11},"end":{"line":16,"column":null}}]},"3":{"loc":{"start":{"line":14,"column":16},"end":{"line":14,"column":34}},"type":"cond-expr","locations":[{"start":{"line":14,"column":27},"end":{"line":14,"column":29}},{"start":{"line":14,"column":16},"end":{"line":14,"column":34}}]},"4":{"loc":{"start":{"line":14,"column":16},"end":{"line":14,"column":29}},"type":"binary-expr","locations":[{"start":{"line":14,"column":16},"end":{"line":14,"column":29}},{"start":{"line":14,"column":16},"end":{"line":14,"column":29}}]}},"s":{"0":1,"1":1,"2":5,"3":2,"4":2,"5":1,"6":1,"7":1,"8":1,"9":1,"10":3,"11":1},"f":{"0":1,"1":5,"2":2},"b":{"0":[2,3],"1":[1,1],"2":[1],"3":[0,1],"4":[1,1]}}
,"C:\\Users\\stasy\\WebstormProjects\\dashboard-api\\src\\common\\base.controller.ts": {"path":"C:\\Users\\stasy\\WebstormProjects\\dashboard-api\\src\\common\\base.controller.ts","statementMap":{"0":{"start":{"line":2,"column":0},"end":{"line":2,"column":66}},"1":{"start":{"line":5,"column":0},"end":{"line":5,"column":51}},"2":{"start":{"line":6,"column":0},"end":{"line":6,"column":9}},"3":{"start":{"line":6,"column":9},"end":{"line":6,"column":33}},"4":{"start":{"line":7,"column":0},"end":{"line":7,"column":26}},"5":{"start":{"line":9,"column":0},"end":{"line":46,"column":null}},"6":{"start":{"line":14,"column":2},"end":{"line":14,"column":23}},"7":{"start":{"line":15,"column":2},"end":{"line":15,"column":26}},"8":{"start":{"line":19,"column":2},"end":{"line":19,"column":22}},"9":{"start":{"line":23,"column":2},"end":{"line":31,"column":null}},"10":{"start":{"line":24,"column":3},"end":{"line":24,"column":57}},"11":{"start":{"line":25,"column":22},"end":{"line":27,"column":5}},"12":{"start":{"line":26,"column":4},"end":{"line":26,"column":29}},"13":{"start":{"line":28,"column":19},"end":{"line":28,"column":40}},"14":{"start":{"line":29,"column":20},"end":{"line":29,"column":67}},"15":{"start":{"line":30,"column":3},"end":{"line":30,"column":51}},"16":{"start":{"line":35,"column":2},"end":{"line":35,"column":29}},"17":{"start":{"line":39,"column":2},"end":{"line":39,"column":31}},"18":{"start":{"line":40,"column":2},"end":{"line":40,"column":40}},"19":{"start":{"line":44,"column":2},"end":{"line":44,"column":41}},"20":{"start":{"line":10,"column":22},"end":{"line":46,"column":null}},"21":{"start":{"line":10,"column":22},"end":{"line":10,"column":36}}},"fnMap":{"0":{"name":"(anonymous_2)","decl":{"start":{"line":6,"column":9},"end":{"line":6,"column":15}},"loc":{"start":{"line":6,"column":9},"end":{"line":6,"column":33}}},"1":{"name":"(anonymous_3)","decl":{"start":{"line":13,"column":1},"end":{"line":13,"column":13}},"loc":{"start":{"line":13,"column":28},"end":{"line":16,"column":2}}},"2":{"name":"(anonymous_4)","decl":{"start":{"line":18,"column":1},"end":{"line":18,"column":5}},"loc":{"start":{"line":18,"column":11},"end":{"line":20,"column":2}}},"3":{"name":"(anonymous_5)","decl":{"start":{"line":22,"column":8},"end":{"line":22,"column":18}},"loc":{"start":{"line":22,"column":45},"end":{"line":32,"column":2}}},"4":{"name":"(anonymous_6)","decl":{"start":{"line":25,"column":45},"end":{"line":25,"column":46}},"loc":{"start":{"line":25,"column":51},"end":{"line":27,"column":4}}},"5":{"name":"(anonymous_7)","decl":{"start":{"line":34,"column":8},"end":{"line":34,"column":15}},"loc":{"start":{"line":34,"column":29},"end":{"line":36,"column":2}}},"6":{"name":"(anonymous_8)","decl":{"start":{"line":38,"column":8},"end":{"line":38,"column":12}},"loc":{"start":{"line":38,"column":55},"end":{"line":41,"column":2}}},"7":{"name":"(anonymous_9)","decl":{"start":{"line":43,"column":8},"end":{"line":43,"column":10}},"loc":{"start":{"line":43,"column":39},"end":{"line":45,"column":2}}}},"branchMap":{"0":{"loc":{"start":{"line":25,"column":22},"end":{"line":27,"column":5}},"type":"cond-expr","locations":[{"start":{"line":25,"column":39},"end":{"line":25,"column":41}},{"start":{"line":25,"column":39},"end":{"line":27,"column":5}}]},"1":{"loc":{"start":{"line":25,"column":22},"end":{"line":25,"column":41}},"type":"binary-expr","locations":[{"start":{"line":25,"column":22},"end":{"line":25,"column":41}},{"start":{"line":25,"column":39},"end":{"line":25,"column":41}}]},"2":{"loc":{"start":{"line":29,"column":20},"end":{"line":29,"column":67}},"type":"cond-expr","locations":[{"start":{"line":29,"column":33},"end":{"line":29,"column":57}},{"start":{"line":29,"column":60},"end":{"line":29,"column":67}}]}},"s":{"0":1,"1":1,"2":1,"3":1,"4":1,"5":1,"6":1,"7":1,"8":4,"9":1,"10":3,"11":3,"12":3,"13":3,"14":3,"15":3,"16":0,"17":2,"18":2,"19":2,"20":1,"21":1},"f":{"0":0,"1":1,"2":4,"3":1,"4":3,"5":0,"6":2,"7":2},"b":{"0":[0,3],"1":[3,3],"2":[3,0]}}
,"C:\\Users\\stasy\\WebstormProjects\\dashboard-api\\src\\common\\guard.middleware.ts": {"path":"C:\\Users\\stasy\\WebstormProjects\\dashboard-api\\src\\common\\guard.middleware.ts","statementMap":{"0":{"start":{"line":5,"column":2},"end":{"line":9,"column":null}},"1":{"start":{"line":6,"column":3},"end":{"line":6,"column":10}},"2":{"start":{"line":8,"column":3},"end":{"line":8,"column":51}},"3":{"start":{"line":3,"column":0},"end":{"line":3,"column":13}}},"fnMap":{"0":{"name":"(anonymous_0)","decl":{"start":{"line":4,"column":8},"end":{"line":4,"column":15}},"loc":{"start":{"line":4,"column":63},"end":{"line":10,"column":2}}}},"branchMap":{"0":{"loc":{"start":{"line":5,"column":2},"end":{"line":9,"column":null}},"type":"if","locations":[{"start":{"line":5,"column":2},"end":{"line":9,"column":null}},{"start":{"line":7,"column":9},"end":{"line":9,"column":null}}]}},"s":{"0":2,"1":1,"2":1,"3":1},"f":{"0":2},"b":{"0":[1,1]}}
,"C:\\Users\\stasy\\WebstormProjects\\dashboard-api\\src\\common\\validate.middleware.ts": {"path":"C:\\Users\\stasy\\WebstormProjects\\dashboard-api\\src\\common\\validate.middleware.ts","statementMap":{"0":{"start":{"line":3,"column":0},"end":{"line":3,"column":70}},"1":{"start":{"line":4,"column":0},"end":{"line":4,"column":43}},"2":{"start":{"line":7,"column":21},"end":{"line":7,"column":62}},"3":{"start":{"line":9,"column":19},"end":{"line":9,"column":66}},"4":{"start":{"line":10,"column":2},"end":{"line":16,"column":5}},"5":{"start":{"line":11,"column":3},"end":{"line":15,"column":null}},"6":{"start":{"line":12,"column":4},"end":{"line":12,"column":33}},"7":{"start":{"line":14,"column":4},"end":{"line":14,"column":11}},"8":{"start":{"line":6,"column":0},"end":{"line":6,"column":13}}},"fnMap":{"0":{"name":"(anonymous_0)","decl":{"start":{"line":7,"column":1},"end":{"line":7,"column":21}},"loc":{"start":{"line":7,"column":62},"end":{"line":7,"column":66}}},"1":{"name":"(anonymous_1)","decl":{"start":{"line":8,"column":8},"end":{"line":8,"column":15}},"loc":{"start":{"line":8,"column":63},"end":{"line":17,"column":2}}},"2":{"name":"(anonymous_2)","decl":{"start":{"line":10,"column":26},"end":{"line":10,"column":27}},"loc":{"start":{"line":10,"column":37},"end":{"line":16,"column":3}}}},"branchMap":{"0":{"loc":{"start":{"line":11,"column":3},"end":{"line":15,"column":null}},"type":"if","locations":[{"start":{"line":11,"column":3},"end":{"line":15,"column":null}},{"start":{"line":13,"column":10},"end":{"line":15,"column":null}}]}},"s":{"0":1,"1":1,"2":2,"3":3,"4":3,"5":3,"6":1,"7":2,"8":1},"f":{"0":2,"1":3,"2":3},"b":{"0":[1,2]}}
,"C:\\Users\\stasy\\WebstormProjects\\dashboard-api\\src\\config\\config.service.ts": {"path":"C:\\Users\\stasy\\WebstormProjects\\dashboard-api\\src\\config\\config.service.ts","statementMap":{"0":{"start":{"line":2,"column":0},"end":{"line":2,"column":71}},"1":{"start":{"line":3,"column":0},"end":{"line":3,"column":47}},"2":{"start":{"line":5,"column":0},"end":{"line":5,"column":33}},"3":{"start":{"line":6,"column":0},"end":{"line":6,"column":26}},"4":{"start":{"line":7,"column":0},"end":{"line":22,"column":null}},"5":{"start":{"line":10,"column":44},"end":{"line":10,"column":59}},"6":{"start":{"line":11,"column":37},"end":{"line":11,"column":45}},"7":{"start":{"line":12,"column":2},"end":{"line":17,"column":null}},"8":{"start":{"line":13,"column":3},"end":{"line":13,"column":63}},"9":{"start":{"line":15,"column":3},"end":{"line":15,"column":52}},"10":{"start":{"line":16,"column":3},"end":{"line":16,"column":52}},"11":{"start":{"line":20,"column":2},"end":{"line":20,"column":26}},"12":{"start":{"line":8,"column":13},"end":{"line":22,"column":null}},"13":{"start":{"line":8,"column":13},"end":{"line":8,"column":26}}},"fnMap":{"0":{"name":"(anonymous_4)","decl":{"start":{"line":10,"column":1},"end":{"line":10,"column":14}},"loc":{"start":{"line":10,"column":59},"end":{"line":18,"column":2}}},"1":{"name":"(anonymous_5)","decl":{"start":{"line":19,"column":1},"end":{"line":19,"column":4}},"loc":{"start":{"line":19,"column":16},"end":{"line":21,"column":2}}}},"branchMap":{"0":{"loc":{"start":{"line":12,"column":2},"end":{"line":17,"column":null}},"type":"if","locations":[{"start":{"line":12,"column":2},"end":{"line":17,"column":null}},{"start":{"line":14,"column":9},"end":{"line":17,"column":null}}]}},"s":{"0":1,"1":1,"2":1,"3":1,"4":1,"5":1,"6":1,"7":1,"8":0,"9":1,"10":1,"11":2,"12":1,"13":1},"f":{"0":1,"1":2},"b":{"0":[0,1]}}
,"C:\\Users\\stasy\\WebstormProjects\\dashboard-api\\src\\database\\prisma.service.ts": {"path":"C:\\Users\\stasy\\WebstormProjects\\dashboard-api\\src\\database\\prisma.service.ts","statementMap":{"0":{"start":{"line":1,"column":0},"end":{"line":1,"column":47}},"1":{"start":{"line":2,"column":0},"end":{"line":2,"column":57}},"2":{"start":{"line":3,"column":0},"end":{"line":3,"column":26}},"3":{"start":{"line":5,"column":0},"end":{"line":5,"column":33}},"4":{"start":{"line":7,"column":0},"end":{"line":27,"column":null}},"5":{"start":{"line":10,"column":44},"end":{"line":10,"column":59}},"6":{"start":{"line":11,"column":2},"end":{"line":11,"column":35}},"7":{"start":{"line":15,"column":2},"end":{"line":21,"column":null}},"8":{"start":{"line":16,"column":3},"end":{"line":16,"column":32}},"9":{"start":{"line":17,"column":3},"end":{"line":17,"column":57}},"10":{"start":{"line":19,"column":3},"end":{"line":20,"column":89}},"11":{"start":{"line":20,"column":4},"end":{"line":20,"column":89}},"12":{"start":{"line":25,"column":2},"end":{"line":25,"column":34}},"13":{"start":{"line":8,"column":13},"end":{"line":27,"column":null}},"14":{"start":{"line":8,"column":13},"end":{"line":8,"column":26}}},"fnMap":{"0":{"name":"(anonymous_11)","decl":{"start":{"line":10,"column":1},"end":{"line":10,"column":14}},"loc":{"start":{"line":10,"column":59},"end":{"line":12,"column":2}}},"1":{"name":"(anonymous_12)","decl":{"start":{"line":14,"column":7},"end":{"line":14,"column":14}},"loc":{"start":{"line":14,"column":14},"end":{"line":22,"column":null}}},"2":{"name":"(anonymous_14)","decl":{"start":{"line":24,"column":7},"end":{"line":24,"column":17}},"loc":{"start":{"line":24,"column":17},"end":{"line":26,"column":null}}}},"branchMap":{"0":{"loc":{"start":{"line":19,"column":3},"end":{"line":20,"column":89}},"type":"if","locations":[{"start":{"line":19,"column":3},"end":{"line":20,"column":89}}]}},"s":{"0":1,"1":1,"2":1,"3":1,"4":1,"5":1,"6":1,"7":1,"8":1,"9":1,"10":0,"11":0,"12":0,"13":1,"14":1},"f":{"0":1,"1":1,"2":0},"b":{"0":[0]}}
,"C:\\Users\\stasy\\WebstormProjects\\dashboard-api\\src\\errors\\exception.filter.ts": {"path":"C:\\Users\\stasy\\WebstormProjects\\dashboard-api\\src\\errors\\exception.filter.ts","statementMap":{"0":{"start":{"line":4,"column":0},"end":{"line":4,"column":47}},"1":{"start":{"line":5,"column":0},"end":{"line":5,"column":47}},"2":{"start":{"line":7,"column":0},"end":{"line":7,"column":33}},"3":{"start":{"line":8,"column":0},"end":{"line":8,"column":26}},"4":{"start":{"line":9,"column":0},"end":{"line":21,"column":null}},"5":{"start":{"line":11,"column":44},"end":{"line":11,"column":59}},"6":{"start":{"line":13,"column":2},"end":{"line":19,"column":null}},"7":{"start":{"line":14,"column":3},"end":{"line":14,"column":82}},"8":{"start":{"line":15,"column":3},"end":{"line":15,"column":57}},"9":{"start":{"line":17,"column":3},"end":{"line":17,"column":47}},"10":{"start":{"line":18,"column":3},"end":{"line":18,"column":46}},"11":{"start":{"line":10,"column":13},"end":{"line":21,"column":null}},"12":{"start":{"line":10,"column":13},"end":{"line":10,"column":28}}},"fnMap":{"0":{"name":"(anonymous_4)","decl":{"start":{"line":11,"column":1},"end":{"line":11,"column":14}},"loc":{"start":{"line":11,"column":59},"end":{"line":11,"column":63}}},"1":{"name":"(anonymous_5)","decl":{"start":{"line":12,"column":1},"end":{"line":12,"column":6}},"loc":{"start":{"line":12,"column":78},"end":{"line":20,"column":2}}}},"branchMap":{"0":{"loc":{"start":{"line":13,"column":2},"end":{"line":19,"column":null}},"type":"if","locations":[{"start":{"line":13,"column":2},"end":{"line":19,"column":null}},{"start":{"line":16,"column":9},"end":{"line":19,"column":null}}]}},"s":{"0":1,"1":1,"2":1,"3":1,"4":1,"5":1,"6":1,"7":1,"8":1,"9":0,"10":0,"11":1,"12":1},"f":{"0":1,"1":1},"b":{"0":[1,0]}}
,"C:\\Users\\stasy\\WebstormProjects\\dashboard-api\\src\\errors\\http-error.class.ts": {"path":"C:\\Users\\stasy\\WebstormProjects\\dashboard-api\\src\\errors\\http-error.class.ts","statementMap":{"0":{"start":{"line":6,"column":2},"end":{"line":6,"column":17}},"1":{"start":{"line":7,"column":2},"end":{"line":7,"column":31}},"2":{"start":{"line":8,"column":2},"end":{"line":8,"column":25}},"3":{"start":{"line":9,"column":2},"end":{"line":9,"column":25}},"4":{"start":{"line":1,"column":0},"end":{"line":1,"column":13}}},"fnMap":{"0":{"name":"(anonymous_0)","decl":{"start":{"line":5,"column":1},"end":{"line":5,"column":13}},"loc":{"start":{"line":5,"column":66},"end":{"line":10,"column":2}}}},"branchMap":{},"s":{"0":1,"1":1,"2":1,"3":1,"4":1},"f":{"0":1},"b":{}}
,"C:\\Users\\stasy\\WebstormProjects\\dashboard-api\\src\\logger\\logger.service.ts": {"path":"C:\\Users\\stasy\\WebstormProjects\\dashboard-api\\src\\logger\\logger.service.ts","statementMap":{"0":{"start":{"line":1,"column":0},"end":{"line":1,"column":40}},"1":{"start":{"line":3,"column":0},"end":{"line":3,"column":39}},"2":{"start":{"line":4,"column":0},"end":{"line":4,"column":26}},"3":{"start":{"line":5,"column":0},"end":{"line":24,"column":null}},"4":{"start":{"line":10,"column":2},"end":{"line":10,"column":29}},"5":{"start":{"line":14,"column":2},"end":{"line":14,"column":28}},"6":{"start":{"line":18,"column":2},"end":{"line":18,"column":29}},"7":{"start":{"line":22,"column":2},"end":{"line":22,"column":28}},"8":{"start":{"line":6,"column":13},"end":{"line":24,"column":null}},"9":{"start":{"line":6,"column":13},"end":{"line":6,"column":26}}},"fnMap":{"0":{"name":"(anonymous_2)","decl":{"start":{"line":9,"column":1},"end":{"line":9,"column":null}},"loc":{"start":{"line":9,"column":1},"end":{"line":11,"column":2}}},"1":{"name":"(anonymous_3)","decl":{"start":{"line":13,"column":1},"end":{"line":13,"column":4}},"loc":{"start":{"line":13,"column":23},"end":{"line":15,"column":2}}},"2":{"name":"(anonymous_4)","decl":{"start":{"line":17,"column":1},"end":{"line":17,"column":6}},"loc":{"start":{"line":17,"column":25},"end":{"line":19,"column":2}}},"3":{"name":"(anonymous_5)","decl":{"start":{"line":21,"column":1},"end":{"line":21,"column":5}},"loc":{"start":{"line":21,"column":24},"end":{"line":23,"column":2}}}},"branchMap":{},"s":{"0":1,"1":1,"2":1,"3":1,"4":1,"5":7,"6":1,"7":0,"8":1,"9":1},"f":{"0":1,"1":7,"2":1,"3":0},"b":{}}
,"C:\\Users\\stasy\\WebstormProjects\\dashboard-api\\src\\users\\user.entity.ts": {"path":"C:\\Users\\stasy\\WebstormProjects\\dashboard-api\\src\\users\\user.entity.ts","statementMap":{"0":{"start":{"line":1,"column":0},"end":{"line":1,"column":32}},"1":{"start":{"line":5,"column":30},"end":{"line":5,"column":44}},"2":{"start":{"line":5,"column":63},"end":{"line":5,"column":76}},"3":{"start":{"line":8,"column":2},"end":{"line":8,"column":21}},"4":{"start":{"line":12,"column":2},"end":{"line":12,"column":42}},"5":{"start":{"line":16,"column":2},"end":{"line":16,"column":24}},"6":{"start":{"line":20,"column":2},"end":{"line":20,"column":20}},"7":{"start":{"line":3,"column":0},"end":{"line":3,"column":13}}},"fnMap":{"0":{"name":"(anonymous_7)","decl":{"start":{"line":5,"column":1},"end":{"line":5,"column":30}},"loc":{"start":{"line":5,"column":76},"end":{"line":5,"column":80}}},"1":{"name":"(anonymous_8)","decl":{"start":{"line":7,"column":1},"end":{"line":7,"column":5}},"loc":{"start":{"line":7,"column":10},"end":{"line":9,"column":2}}},"2":{"name":"(anonymous_9)","decl":{"start":{"line":11,"column":14},"end":{"line":11,"column":25}},"loc":{"start":{"line":11,"column":52},"end":{"line":13,"column":null}}},"3":{"name":"(anonymous_11)","decl":{"start":{"line":15,"column":1},"end":{"line":15,"column":5}},"loc":{"start":{"line":15,"column":13},"end":{"line":17,"column":2}}},"4":{"name":"(anonymous_12)","decl":{"start":{"line":19,"column":1},"end":{"line":19,"column":5}},"loc":{"start":{"line":19,"column":9},"end":{"line":21,"column":2}}}},"branchMap":{},"s":{"0":1,"1":0,"2":0,"3":0,"4":0,"5":0,"6":0,"7":1},"f":{"0":0,"1":0,"2":0,"3":0,"4":0},"b":{}}
,"C:\\Users\\stasy\\WebstormProjects\\dashboard-api\\src\\users\\users.controller.ts": {"path":"C:\\Users\\stasy\\WebstormProjects\\dashboard-api\\src\\users\\users.controller.ts","statementMap":{"0":{"start":{"line":1,"column":0},"end":{"line":1,"column":59}},"1":{"start":{"line":4,"column":0},"end":{"line":4,"column":55}},"2":{"start":{"line":5,"column":0},"end":{"line":5,"column":47}},"3":{"start":{"line":7,"column":0},"end":{"line":7,"column":33}},"4":{"start":{"line":8,"column":0},"end":{"line":8,"column":26}},"5":{"start":{"line":10,"column":0},"end":{"line":10,"column":52}},"6":{"start":{"line":11,"column":0},"end":{"line":11,"column":58}},"7":{"start":{"line":13,"column":0},"end":{"line":13,"column":67}},"8":{"start":{"line":14,"column":0},"end":{"line":14,"column":36}},"9":{"start":{"line":16,"column":0},"end":{"line":16,"column":61}},"10":{"start":{"line":18,"column":0},"end":{"line":103,"column":null}},"11":{"start":{"line":45,"column":2},"end":{"line":45,"column":23}},"12":{"start":{"line":41,"column":33},"end":{"line":41,"column":55}},"13":{"start":{"line":42,"column":39},"end":{"line":42,"column":65}},"14":{"start":{"line":43,"column":40},"end":{"line":43,"column":69}},"15":{"start":{"line":20,"column":9},"end":{"line":39,"column":3}},"16":{"start":{"line":46,"column":2},"end":{"line":46,"column":35}},"17":{"start":{"line":54,"column":17},"end":{"line":54,"column":62}},"18":{"start":{"line":55,"column":2},"end":{"line":61,"column":null}},"19":{"start":{"line":56,"column":3},"end":{"line":56,"column":72}},"20":{"start":{"line":58,"column":15},"end":{"line":58,"column":83}},"21":{"start":{"line":60,"column":3},"end":{"line":60,"column":25}},"22":{"start":{"line":69,"column":17},"end":{"line":69,"column":56}},"23":{"start":{"line":70,"column":2},"end":{"line":70,"column":20}},"24":{"start":{"line":71,"column":2},"end":{"line":73,"column":null}},"25":{"start":{"line":72,"column":3},"end":{"line":72,"column":67}},"26":{"start":{"line":75,"column":2},"end":{"line":75,"column":55}},"27":{"start":{"line":79,"column":2},"end":{"line":96,"column":5}},"28":{"start":{"line":80,"column":3},"end":{"line":95,"column":5}},"29":{"start":{"line":90,"column":5},"end":{"line":92,"column":null}},"30":{"start":{"line":91,"column":6},"end":{"line":91,"column":20}},"31":{"start":{"line":93,"column":5},"end":{"line":93,"column":28}},"32":{"start":{"line":100,"column":19},"end":{"line":100,"column":63}},"33":{"start":{"line":101,"column":2},"end":{"line":101,"column":43}},"34":{"start":{"line":19,"column":13},"end":{"line":103,"column":null}},"35":{"start":{"line":19,"column":13},"end":{"line":19,"column":28}}},"fnMap":{"0":{"name":"(anonymous_11)","decl":{"start":{"line":40,"column":1},"end":{"line":40,"column":null}},"loc":{"start":{"line":43,"column":69},"end":{"line":47,"column":2}}},"1":{"name":"(anonymous_12)","decl":{"start":{"line":49,"column":14},"end":{"line":49,"column":19}},"loc":{"start":{"line":52,"column":20},"end":{"line":62,"column":null}}},"2":{"name":"(anonymous_14)","decl":{"start":{"line":64,"column":14},"end":{"line":64,"column":22}},"loc":{"start":{"line":67,"column":20},"end":{"line":76,"column":null}}},"3":{"name":"(anonymous_16)","decl":{"start":{"line":78,"column":9},"end":{"line":78,"column":16}},"loc":{"start":{"line":78,"column":46},"end":{"line":97,"column":2}}},"4":{"name":"(anonymous_17)","decl":{"start":{"line":79,"column":29},"end":{"line":79,"column":30}},"loc":{"start":{"line":79,"column":49},"end":{"line":96,"column":3}}},"5":{"name":"(anonymous_18)","decl":{"start":{"line":89,"column":4},"end":{"line":89,"column":5}},"loc":{"start":{"line":89,"column":21},"end":{"line":94,"column":5}}},"6":{"name":"(anonymous_19)","decl":{"start":{"line":99,"column":7},"end":{"line":99,"column":11}},"loc":{"start":{"line":99,"column":59},"end":{"line":102,"column":null}}}},"branchMap":{"0":{"loc":{"start":{"line":55,"column":2},"end":{"line":61,"column":null}},"type":"if","locations":[{"start":{"line":55,"column":2},"end":{"line":61,"column":null}},{"start":{"line":57,"column":9},"end":{"line":61,"column":null}}]},"1":{"loc":{"start":{"line":71,"column":2},"end":{"line":73,"column":null}},"type":"if","locations":[{"start":{"line":71,"column":2},"end":{"line":73,"column":null}}]},"2":{"loc":{"start":{"line":90,"column":5},"end":{"line":92,"column":null}},"type":"if","locations":[{"start":{"line":90,"column":5},"end":{"line":92,"column":null}}]},"3":{"loc":{"start":{"line":101,"column":27},"end":{"line":101,"column":39}},"type":"cond-expr","locations":[{"start":{"line":101,"column":35},"end":{"line":101,"column":37}},{"start":{"line":101,"column":27},"end":{"line":101,"column":39}}]},"4":{"loc":{"start":{"line":101,"column":27},"end":{"line":101,"column":37}},"type":"binary-expr","locations":[{"start":{"line":101,"column":27},"end":{"line":101,"column":37}},{"start":{"line":101,"column":27},"end":{"line":101,"column":37}}]}},"s":{"0":1,"1":1,"2":1,"3":1,"4":1,"5":1,"6":1,"7":1,"8":1,"9":1,"10":1,"11":1,"12":1,"13":1,"14":1,"15":1,"16":1,"17":2,"18":2,"19":1,"20":1,"21":1,"22":0,"23":0,"24":0,"25":0,"26":0,"27":1,"28":1,"29":1,"30":0,"31":1,"32":1,"33":1,"34":1,"35":1},"f":{"0":1,"1":2,"2":0,"3":1,"4":1,"5":1,"6":1},"b":{"0":[1,1],"1":[0],"2":[0],"3":[0,1],"4":[1,1]}}
,"C:\\Users\\stasy\\WebstormProjects\\dashboard-api\\src\\users\\users.repository.ts": {"path":"C:\\Users\\stasy\\WebstormProjects\\dashboard-api\\src\\users\\users.repository.ts","statementMap":{"0":{"start":{"line":4,"column":0},"end":{"line":4,"column":47}},"1":{"start":{"line":5,"column":0},"end":{"line":5,"column":59}},"2":{"start":{"line":6,"column":0},"end":{"line":6,"column":33}},"3":{"start":{"line":8,"column":0},"end":{"line":28,"column":null}},"4":{"start":{"line":10,"column":50},"end":{"line":10,"column":65}},"5":{"start":{"line":12,"column":2},"end":{"line":18,"column":5}},"6":{"start":{"line":22,"column":2},"end":{"line":26,"column":5}},"7":{"start":{"line":9,"column":13},"end":{"line":28,"column":null}},"8":{"start":{"line":9,"column":13},"end":{"line":9,"column":28}}},"fnMap":{"0":{"name":"(anonymous_11)","decl":{"start":{"line":10,"column":1},"end":{"line":10,"column":14}},"loc":{"start":{"line":10,"column":78},"end":{"line":10,"column":82}}},"1":{"name":"(anonymous_12)","decl":{"start":{"line":11,"column":7},"end":{"line":11,"column":13}},"loc":{"start":{"line":11,"column":45},"end":{"line":19,"column":null}}},"2":{"name":"(anonymous_14)","decl":{"start":{"line":21,"column":1},"end":{"line":21,"column":5}},"loc":{"start":{"line":21,"column":19},"end":{"line":27,"column":2}}}},"branchMap":{},"s":{"0":1,"1":1,"2":1,"3":1,"4":1,"5":0,"6":3,"7":1,"8":1},"f":{"0":1,"1":0,"2":3},"b":{}}
,"C:\\Users\\stasy\\WebstormProjects\\dashboard-api\\src\\users\\users.service.ts": {"path":"C:\\Users\\stasy\\WebstormProjects\\dashboard-api\\src\\users\\users.service.ts","statementMap":{"0":{"start":{"line":3,"column":0},"end":{"line":3,"column":37}},"1":{"start":{"line":5,"column":0},"end":{"line":5,"column":47}},"2":{"start":{"line":6,"column":0},"end":{"line":6,"column":26}},"3":{"start":{"line":7,"column":0},"end":{"line":7,"column":33}},"4":{"start":{"line":9,"column":0},"end":{"line":9,"column":57}},"5":{"start":{"line":13,"column":0},"end":{"line":13,"column":30}},"6":{"start":{"line":14,"column":0},"end":{"line":50,"column":null}},"7":{"start":{"line":17,"column":40},"end":{"line":17,"column":55}},"8":{"start":{"line":18,"column":42},"end":{"line":18,"column":75}},"9":{"start":{"line":21,"column":18},"end":{"line":21,"column":39}},"10":{"start":{"line":22,"column":15},"end":{"line":22,"column":45}},"11":{"start":{"line":23,"column":2},"end":{"line":23,"column":52}},"12":{"start":{"line":24,"column":22},"end":{"line":24,"column":60}},"13":{"start":{"line":25,"column":2},"end":{"line":29,"column":null}},"14":{"start":{"line":26,"column":3},"end":{"line":26,"column":15}},"15":{"start":{"line":28,"column":3},"end":{"line":28,"column":53}},"16":{"start":{"line":33,"column":20},"end":{"line":33,"column":62}},"17":{"start":{"line":34,"column":2},"end":{"line":43,"column":null}},"18":{"start":{"line":35,"column":3},"end":{"line":35,"column":16}},"19":{"start":{"line":37,"column":15},"end":{"line":37,"column":69}},"20":{"start":{"line":38,"column":3},"end":{"line":42,"column":null}},"21":{"start":{"line":39,"column":4},"end":{"line":39,"column":16}},"22":{"start":{"line":41,"column":4},"end":{"line":41,"column":17}},"23":{"start":{"line":44,"column":2},"end":{"line":44,"column":14}},"24":{"start":{"line":48,"column":2},"end":{"line":48,"column":48}},"25":{"start":{"line":15,"column":13},"end":{"line":50,"column":null}},"26":{"start":{"line":15,"column":13},"end":{"line":15,"column":25}}},"fnMap":{"0":{"name":"(anonymous_12)","decl":{"start":{"line":16,"column":1},"end":{"line":16,"column":null}},"loc":{"start":{"line":18,"column":75},"end":{"line":19,"column":5}}},"1":{"name":"(anonymous_13)","decl":{"start":{"line":20,"column":7},"end":{"line":20,"column":17}},"loc":{"start":{"line":20,"column":60},"end":{"line":30,"column":null}}},"2":{"name":"(anonymous_15)","decl":{"start":{"line":32,"column":7},"end":{"line":32,"column":19}},"loc":{"start":{"line":32,"column":37},"end":{"line":45,"column":null}}},"3":{"name":"(anonymous_17)","decl":{"start":{"line":47,"column":7},"end":{"line":47,"column":18}},"loc":{"start":{"line":47,"column":32},"end":{"line":49,"column":null}}}},"branchMap":{"0":{"loc":{"start":{"line":25,"column":2},"end":{"line":29,"column":null}},"type":"if","locations":[{"start":{"line":25,"column":2},"end":{"line":29,"column":null}},{"start":{"line":27,"column":9},"end":{"line":29,"column":null}}]},"1":{"loc":{"start":{"line":34,"column":2},"end":{"line":43,"column":null}},"type":"if","locations":[{"start":{"line":34,"column":2},"end":{"line":43,"column":null}},{"start":{"line":36,"column":9},"end":{"line":43,"column":null}}]},"2":{"loc":{"start":{"line":38,"column":3},"end":{"line":42,"column":null}},"type":"if","locations":[{"start":{"line":38,"column":3},"end":{"line":42,"column":null}},{"start":{"line":40,"column":10},"end":{"line":42,"column":null}}]}},"s":{"0":1,"1":1,"2":1,"3":1,"4":1,"5":1,"6":1,"7":1,"8":1,"9":0,"10":0,"11":0,"12":0,"13":0,"14":0,"15":0,"16":2,"17":2,"18":0,"19":2,"20":2,"21":1,"22":1,"23":0,"24":1,"25":1,"26":1},"f":{"0":1,"1":0,"2":2,"3":1},"b":{"0":[0,0],"1":[0,2],"2":[1,1]}}
,"C:\\Users\\stasy\\WebstormProjects\\dashboard-api\\src\\users\\dto\\user.login.dto.ts": {"path":"C:\\Users\\stasy\\WebstormProjects\\dashboard-api\\src\\users\\dto\\user.login.dto.ts","statementMap":{"0":{"start":{"line":1,"column":0},"end":{"line":1,"column":52}},"1":{"start":{"line":5,"column":1},"end":{"line":5,"column":null}},"2":{"start":{"line":7,"column":1},"end":{"line":7,"column":null}},"3":{"start":{"line":3,"column":0},"end":{"line":3,"column":13}}},"fnMap":{},"branchMap":{},"s":{"0":1,"1":1,"2":1,"3":1},"f":{},"b":{}}
,"C:\\Users\\stasy\\WebstormProjects\\dashboard-api\\src\\users\\dto\\user.register.dto.ts": {"path":"C:\\Users\\stasy\\WebstormProjects\\dashboard-api\\src\\users\\dto\\user.register.dto.ts","statementMap":{"0":{"start":{"line":1,"column":0},"end":{"line":1,"column":52}},"1":{"start":{"line":5,"column":1},"end":{"line":5,"column":null}},"2":{"start":{"line":7,"column":1},"end":{"line":7,"column":null}},"3":{"start":{"line":9,"column":1},"end":{"line":9,"column":null}},"4":{"start":{"line":3,"column":0},"end":{"line":3,"column":13}}},"fnMap":{},"branchMap":{},"s":{"0":1,"1":1,"2":1,"3":1,"4":1},"f":{},"b":{}}
}
