TN:
SF:src\app.ts
FN:21,(anonymous_12)
FN:32,(anonymous_13)
FN:36,(anonymous_14)
FN:40,(anonymous_15)
FN:46,(anonymous_16)
FN:56,(anonymous_18)
FNF:6
FNH:6
FNDA:1,(anonymous_12)
FNDA:1,(anonymous_13)
FNDA:1,(anonymous_14)
FNDA:1,(anonymous_15)
FNDA:1,(anonymous_16)
FNDA:1,(anonymous_18)
DA:1,1
DA:3,1
DA:6,1
DA:7,1
DA:8,1
DA:9,1
DA:12,1
DA:13,1
DA:14,1
DA:15,1
DA:16,1
DA:22,1
DA:23,1
DA:24,1
DA:25,1
DA:26,1
DA:28,1
DA:29,1
DA:33,1
DA:37,1
DA:41,1
DA:42,1
DA:43,1
DA:47,1
DA:48,1
DA:49,1
DA:50,1
DA:51,1
DA:52,1
DA:53,1
DA:57,1
LF:31
LH:31
BRF:0
BRH:0
end_of_record
TN:
SF:src\main.ts
FN:18,(anonymous_7)
FN:33,bootstrap
FNF:2
FNH:2
FNDA:1,(anonymous_7)
FNDA:1,bootstrap
DA:1,1
DA:2,1
DA:3,1
DA:4,1
DA:5,1
DA:7,1
DA:10,1
DA:13,1
DA:14,1
DA:16,1
DA:18,1
DA:19,1
DA:20,1
DA:21,1
DA:22,1
DA:23,1
DA:24,1
DA:25,1
DA:26,1
DA:34,1
DA:35,1
DA:36,1
DA:37,1
DA:38,1
DA:41,1
LF:25
LH:25
BRF:0
BRH:0
end_of_record
TN:
SF:src\types.ts
FNF:0
FNH:0
DA:7,1
LF:1
LH:1
BRF:0
BRH:0
end_of_record
TN:
SF:src\common\auth.middleware.ts
FN:6,(anonymous_0)
FN:7,(anonymous_1)
FN:9,(anonymous_2)
FNF:3
FNH:3
FNDA:1,(anonymous_0)
FNDA:5,(anonymous_1)
FNDA:2,(anonymous_2)
DA:3,1
DA:5,1
DA:6,1
DA:8,5
DA:9,2
DA:10,2
DA:11,1
DA:12,1
DA:13,1
DA:14,1
DA:15,1
DA:19,3
LF:12
LH:12
BRDA:8,0,0,2
BRDA:8,0,1,3
BRDA:10,1,0,1
BRDA:10,1,1,1
BRDA:12,2,0,1
BRDA:14,3,0,0
BRDA:14,3,1,1
BRDA:14,4,0,1
BRDA:14,4,1,1
BRF:9
BRH:8
end_of_record
TN:
SF:src\common\base.controller.ts
FN:6,(anonymous_2)
FN:13,(anonymous_3)
FN:18,(anonymous_4)
FN:22,(anonymous_5)
FN:25,(anonymous_6)
FN:34,(anonymous_7)
FN:38,(anonymous_8)
FN:43,(anonymous_9)
FNF:8
FNH:6
FNDA:0,(anonymous_2)
FNDA:1,(anonymous_3)
FNDA:4,(anonymous_4)
FNDA:1,(anonymous_5)
FNDA:3,(anonymous_6)
FNDA:0,(anonymous_7)
FNDA:2,(anonymous_8)
FNDA:2,(anonymous_9)
DA:2,1
DA:5,1
DA:6,1
DA:7,1
DA:9,1
DA:10,1
DA:14,1
DA:15,1
DA:19,4
DA:23,1
DA:24,3
DA:25,3
DA:26,3
DA:28,3
DA:29,3
DA:30,3
DA:35,0
DA:39,2
DA:40,2
DA:44,2
LF:20
LH:19
BRDA:25,0,0,0
BRDA:25,0,1,3
BRDA:25,1,0,3
BRDA:25,1,1,3
BRDA:29,2,0,3
BRDA:29,2,1,0
BRF:6
BRH:4
end_of_record
TN:
SF:src\common\guard.middleware.ts
FN:4,(anonymous_0)
FNF:1
FNH:1
FNDA:2,(anonymous_0)
DA:3,1
DA:5,2
DA:6,1
DA:8,1
LF:4
LH:4
BRDA:5,0,0,1
BRDA:5,0,1,1
BRF:2
BRH:2
end_of_record
TN:
SF:src\common\validate.middleware.ts
FN:7,(anonymous_0)
FN:8,(anonymous_1)
FN:10,(anonymous_2)
FNF:3
FNH:3
FNDA:2,(anonymous_0)
FNDA:3,(anonymous_1)
FNDA:3,(anonymous_2)
DA:3,1
DA:4,1
DA:6,1
DA:7,2
DA:9,3
DA:10,3
DA:11,3
DA:12,1
DA:14,2
LF:9
LH:9
BRDA:11,0,0,1
BRDA:11,0,1,2
BRF:2
BRH:2
end_of_record
TN:
SF:src\config\config.service.ts
FN:10,(anonymous_4)
FN:19,(anonymous_5)
FNF:2
FNH:2
FNDA:1,(anonymous_4)
FNDA:2,(anonymous_5)
DA:2,1
DA:3,1
DA:5,1
DA:6,1
DA:7,1
DA:8,1
DA:10,1
DA:11,1
DA:12,1
DA:13,0
DA:15,1
DA:16,1
DA:20,2
LF:13
LH:12
BRDA:12,0,0,0
BRDA:12,0,1,1
BRF:2
BRH:1
end_of_record
TN:
SF:src\database\prisma.service.ts
FN:10,(anonymous_11)
FN:14,(anonymous_12)
FN:24,(anonymous_14)
FNF:3
FNH:2
FNDA:1,(anonymous_11)
FNDA:1,(anonymous_12)
FNDA:0,(anonymous_14)
DA:1,1
DA:2,1
DA:3,1
DA:5,1
DA:7,1
DA:8,1
DA:10,1
DA:11,1
DA:15,1
DA:16,1
DA:17,1
DA:19,0
DA:20,0
DA:25,0
LF:14
LH:11
BRDA:19,0,0,0
BRF:1
BRH:0
end_of_record
TN:
SF:src\errors\exception.filter.ts
FN:11,(anonymous_4)
FN:12,(anonymous_5)
FNF:2
FNH:2
FNDA:1,(anonymous_4)
FNDA:1,(anonymous_5)
DA:4,1
DA:5,1
DA:7,1
DA:8,1
DA:9,1
DA:10,1
DA:11,1
DA:13,1
DA:14,1
DA:15,1
DA:17,0
DA:18,0
LF:12
LH:10
BRDA:13,0,0,1
BRDA:13,0,1,0
BRF:2
BRH:1
end_of_record
TN:
SF:src\errors\http-error.class.ts
FN:5,(anonymous_0)
FNF:1
FNH:1
FNDA:1,(anonymous_0)
DA:1,1
DA:6,1
DA:7,1
DA:8,1
DA:9,1
LF:5
LH:5
BRF:0
BRH:0
end_of_record
TN:
SF:src\logger\logger.service.ts
FN:9,(anonymous_2)
FN:13,(anonymous_3)
FN:17,(anonymous_4)
FN:21,(anonymous_5)
FNF:4
FNH:3
FNDA:1,(anonymous_2)
FNDA:7,(anonymous_3)
FNDA:1,(anonymous_4)
FNDA:0,(anonymous_5)
DA:1,1
DA:3,1
DA:4,1
DA:5,1
DA:6,1
DA:10,1
DA:14,7
DA:18,1
DA:22,0
LF:9
LH:8
BRF:0
BRH:0
end_of_record
TN:
SF:src\users\user.entity.ts
FN:5,(anonymous_7)
FN:7,(anonymous_8)
FN:11,(anonymous_9)
FN:15,(anonymous_11)
FN:19,(anonymous_12)
FNF:5
FNH:0
FNDA:0,(anonymous_7)
FNDA:0,(anonymous_8)
FNDA:0,(anonymous_9)
FNDA:0,(anonymous_11)
FNDA:0,(anonymous_12)
DA:1,1
DA:3,1
DA:5,0
DA:8,0
DA:12,0
DA:16,0
DA:20,0
LF:7
LH:2
BRF:0
BRH:0
end_of_record
TN:
SF:src\users\users.controller.ts
FN:40,(anonymous_11)
FN:49,(anonymous_12)
FN:64,(anonymous_14)
FN:78,(anonymous_16)
FN:79,(anonymous_17)
FN:89,(anonymous_18)
FN:99,(anonymous_19)
FNF:7
FNH:6
FNDA:1,(anonymous_11)
FNDA:2,(anonymous_12)
FNDA:0,(anonymous_14)
FNDA:1,(anonymous_16)
FNDA:1,(anonymous_17)
FNDA:1,(anonymous_18)
FNDA:1,(anonymous_19)
DA:1,1
DA:4,1
DA:5,1
DA:7,1
DA:8,1
DA:10,1
DA:11,1
DA:13,1
DA:14,1
DA:16,1
DA:18,1
DA:19,1
DA:20,1
DA:41,1
DA:42,1
DA:43,1
DA:45,1
DA:46,1
DA:54,2
DA:55,2
DA:56,1
DA:58,1
DA:60,1
DA:69,0
DA:70,0
DA:71,0
DA:72,0
DA:75,0
DA:79,1
DA:80,1
DA:90,1
DA:91,0
DA:93,1
DA:100,1
DA:101,1
LF:35
LH:29
BRDA:55,0,0,1
BRDA:55,0,1,1
BRDA:71,1,0,0
BRDA:90,2,0,0
BRDA:101,3,0,0
BRDA:101,3,1,1
BRDA:101,4,0,1
BRDA:101,4,1,1
BRF:8
BRH:5
end_of_record
TN:
SF:src\users\users.repository.ts
FN:10,(anonymous_11)
FN:11,(anonymous_12)
FN:21,(anonymous_14)
FNF:3
FNH:2
FNDA:1,(anonymous_11)
FNDA:0,(anonymous_12)
FNDA:3,(anonymous_14)
DA:4,1
DA:5,1
DA:6,1
DA:8,1
DA:9,1
DA:10,1
DA:12,0
DA:22,3
LF:8
LH:7
BRF:0
BRH:0
end_of_record
TN:
SF:src\users\users.service.ts
FN:16,(anonymous_12)
FN:20,(anonymous_13)
FN:32,(anonymous_15)
FN:47,(anonymous_17)
FNF:4
FNH:3
FNDA:1,(anonymous_12)
FNDA:0,(anonymous_13)
FNDA:2,(anonymous_15)
FNDA:1,(anonymous_17)
DA:3,1
DA:5,1
DA:6,1
DA:7,1
DA:9,1
DA:13,1
DA:14,1
DA:15,1
DA:17,1
DA:18,1
DA:21,0
DA:22,0
DA:23,0
DA:24,0
DA:25,0
DA:26,0
DA:28,0
DA:33,2
DA:34,2
DA:35,0
DA:37,2
DA:38,2
DA:39,1
DA:41,1
DA:44,0
DA:48,1
LF:26
LH:17
BRDA:25,0,0,0
BRDA:25,0,1,0
BRDA:34,1,0,0
BRDA:34,1,1,2
BRDA:38,2,0,1
BRDA:38,2,1,1
BRF:6
BRH:3
end_of_record
TN:
SF:src\users\dto\user.login.dto.ts
FNF:0
FNH:0
DA:1,1
DA:3,1
DA:5,1
DA:7,1
LF:4
LH:4
BRF:0
BRH:0
end_of_record
TN:
SF:src\users\dto\user.register.dto.ts
FNF:0
FNH:0
DA:1,1
DA:3,1
DA:5,1
DA:7,1
DA:9,1
LF:5
LH:5
BRF:0
BRH:0
end_of_record
